<?xml version="1.0" encoding="UTF-8"?>
<testng-results skipped="0" failed="0" total="2" passed="2">
  <reporter-output>
    <line>
      <![CDATA[<div "result">I open URL (UNDEFINED)</div>]]>
    </line>
    <line>
      <![CDATA[<div "result">I fill booking form and save (UNDEFINED)</div>]]>
    </line>
    <line>
      <![CDATA[<div "result">I open URL (UNDEFINED)</div>]]>
    </line>
    <line>
      <![CDATA[<div "result">I fill booking form and save (UNDEFINED)</div>]]>
    </line>
  </reporter-output>
  <suite name="Default suite" duration-ms="339" started-at="2021-06-28T10:07:29Z" finished-at="2021-06-28T10:07:30Z">
    <groups>
      <group name="cucumber">
        <method signature="AbstractTestNGCucumberTests.runScenario(cucumber.api.testng.PickleEventWrapper, cucumber.api.testng.CucumberFeatureWrapper)[pri:0, instance:com.BDD.GoAudits.runner.RunTest@4567f35d]" name="runScenario" class="cucumber.api.testng.AbstractTestNGCucumberTests"/>
      </group> <!-- cucumber -->
    </groups>
    <test name="Default test" duration-ms="339" started-at="2021-06-28T10:07:29Z" finished-at="2021-06-28T10:07:30Z">
      <class name="com.BDD.GoAudits.runner.RunTest">
        <test-method status="PASS" signature="setUpClass()[pri:0, instance:com.BDD.GoAudits.runner.RunTest@4567f35d]" name="setUpClass" is-config="true" duration-ms="268" started-at="2021-06-28T15:37:29Z" finished-at="2021-06-28T15:37:29Z">
          <reporter-output>
          </reporter-output>
        </test-method> <!-- setUpClass -->
        <test-method status="PASS" signature="runScenario(cucumber.api.testng.PickleEventWrapper, cucumber.api.testng.CucumberFeatureWrapper)[pri:0, instance:com.BDD.GoAudits.runner.RunTest@4567f35d]" name="runScenario" duration-ms="18" started-at="2021-06-28T15:37:29Z" description="Runs Cucumber Scenarios" data-provider="scenarios" finished-at="2021-06-28T15:37:29Z">
          <params>
            <param index="0">
              <value>
                <![CDATA["Creation of Booking"]]>
              </value>
            </param>
            <param index="1">
              <value>
                <![CDATA["Online Hotel Booking"]]>
              </value>
            </param>
          </params>
          <reporter-output>
            <line>
              <![CDATA[<div "result">I open URL (UNDEFINED)</div>]]>
            </line>
            <line>
              <![CDATA[<div "result">I fill booking form and save (UNDEFINED)</div>]]>
            </line>
          </reporter-output>
        </test-method> <!-- runScenario -->
        <test-method status="PASS" signature="runScenario(cucumber.api.testng.PickleEventWrapper, cucumber.api.testng.CucumberFeatureWrapper)[pri:0, instance:com.BDD.GoAudits.runner.RunTest@4567f35d]" name="runScenario" duration-ms="3" started-at="2021-06-28T15:37:29Z" description="Runs Cucumber Scenarios" data-provider="scenarios" finished-at="2021-06-28T15:37:29Z">
          <params>
            <param index="0">
              <value>
                <![CDATA["Creation of Booking1"]]>
              </value>
            </param>
            <param index="1">
              <value>
                <![CDATA["Online Hotel Booking"]]>
              </value>
            </param>
          </params>
          <reporter-output>
            <line>
              <![CDATA[<div "result">I open URL (UNDEFINED)</div>]]>
            </line>
            <line>
              <![CDATA[<div "result">I fill booking form and save (UNDEFINED)</div>]]>
            </line>
          </reporter-output>
        </test-method> <!-- runScenario -->
        <test-method status="PASS" signature="tearDownClass()[pri:0, instance:com.BDD.GoAudits.runner.RunTest@4567f35d]" name="tearDownClass" is-config="true" duration-ms="8" started-at="2021-06-28T15:37:29Z" finished-at="2021-06-28T15:37:30Z">
          <reporter-output>
          </reporter-output>
        </test-method> <!-- tearDownClass -->
      </class> <!-- com.BDD.GoAudits.runner.RunTest -->
    </test> <!-- Default test -->
  </suite> <!-- Default suite -->
</testng-results>
